[23-Oct-2014 10:11:45 Europe/Budapest] Moving down album 27. Albums: 2
[23-Oct-2014 10:11:45 Europe/Budapest] checking album 27, weight: 1
[23-Oct-2014 10:11:45 Europe/Budapest] Album found. Weight: 1
[23-Oct-2014 10:11:45 Europe/Budapest] i + 1 weight: 1
[23-Oct-2014 10:11:45 Europe/Budapest] i weight: 2
[23-Oct-2014 10:11:45 Europe/Budapest] DB Manager saves album 28
[23-Oct-2014 10:11:45 Europe/Budapest] DB Manager updated 1 rows
[23-Oct-2014 10:11:45 Europe/Budapest] DB Manager saves album 27
[23-Oct-2014 10:11:45 Europe/Budapest] DB Manager updated 1 rows
[23-Oct-2014 10:11:45 Europe/Budapest] checking album 28, weight: 1
[23-Oct-2014 10:12:09 Europe/Budapest] Moving down album 28. Albums: 2
[23-Oct-2014 10:12:09 Europe/Budapest] checking album 28, weight: 1
[23-Oct-2014 10:12:09 Europe/Budapest] Album found. Weight: 1
[23-Oct-2014 10:12:09 Europe/Budapest] i + 1 weight: 1
[23-Oct-2014 10:12:09 Europe/Budapest] i weight: 2
[23-Oct-2014 10:12:09 Europe/Budapest] DB Manager saves album 27
[23-Oct-2014 10:12:09 Europe/Budapest] DB Manager updated 1 rows
[23-Oct-2014 10:12:09 Europe/Budapest] DB Manager saves album 28
[23-Oct-2014 10:12:09 Europe/Budapest] DB Manager updated 1 rows
[23-Oct-2014 10:12:09 Europe/Budapest] checking album 27, weight: 1
[23-Oct-2014 10:12:18 Europe/Budapest] Moving up album 28. Albums: 2
[23-Oct-2014 10:12:18 Europe/Budapest] checking album 27, weight: 1
[23-Oct-2014 10:12:18 Europe/Budapest] checking album 28, weight: 2
[23-Oct-2014 10:12:18 Europe/Budapest] Album found. Weight: 2
[23-Oct-2014 10:12:18 Europe/Budapest] DB Manager saves album 27
[23-Oct-2014 10:12:18 Europe/Budapest] DB Manager updated 1 rows
[23-Oct-2014 10:12:18 Europe/Budapest] DB Manager saves album 28
[23-Oct-2014 10:12:18 Europe/Budapest] DB Manager updated 1 rows
[23-Oct-2014 10:12:23 Europe/Budapest] Moving up album 28. Albums: 2
[23-Oct-2014 10:12:23 Europe/Budapest] checking album 28, weight: 1
[23-Oct-2014 10:12:23 Europe/Budapest] Album found. Weight: 1
[23-Oct-2014 10:12:23 Europe/Budapest] DB Manager saves album 28
[23-Oct-2014 10:12:23 Europe/Budapest] DB Manager updated 0 rows
[23-Oct-2014 10:12:23 Europe/Budapest] checking album 27, weight: 2
